# 1 "temp.c"
# 1 "<built-in>" 1
# 1 "<built-in>" 3
# 362 "<built-in>" 3
# 1 "<command line>" 1
# 1 "<built-in>" 2
# 1 "temp.c" 2
# 1 "/Applications/Xcode.app/Contents/Developer/Toolchains/XcodeDefault.xctoolchain/usr/lib/clang/11.0.0/include/stddef.h" 1 3 4
# 51 "/Applications/Xcode.app/Contents/Developer/Toolchains/XcodeDefault.xctoolchain/usr/lib/clang/11.0.0/include/stddef.h" 3 4
typedef long int ptrdiff_t;
# 62 "/Applications/Xcode.app/Contents/Developer/Toolchains/XcodeDefault.xctoolchain/usr/lib/clang/11.0.0/include/stddef.h" 3 4
typedef long unsigned int size_t;
# 90 "/Applications/Xcode.app/Contents/Developer/Toolchains/XcodeDefault.xctoolchain/usr/lib/clang/11.0.0/include/stddef.h" 3 4
typedef int wchar_t;
# 118 "/Applications/Xcode.app/Contents/Developer/Toolchains/XcodeDefault.xctoolchain/usr/lib/clang/11.0.0/include/stddef.h" 3 4
# 1 "/Applications/Xcode.app/Contents/Developer/Toolchains/XcodeDefault.xctoolchain/usr/lib/clang/11.0.0/include/__stddef_max_align_t.h" 1 3 4
# 32 "/Applications/Xcode.app/Contents/Developer/Toolchains/XcodeDefault.xctoolchain/usr/lib/clang/11.0.0/include/__stddef_max_align_t.h" 3 4
typedef long double max_align_t;
# 119 "/Applications/Xcode.app/Contents/Developer/Toolchains/XcodeDefault.xctoolchain/usr/lib/clang/11.0.0/include/stddef.h" 2 3 4
# 2 "temp.c" 2



int main() {
 int n;
}
